<?xml version="1.0" encoding="UTF-8"?>
<testsuite xmlns:xsi="http://www.w3.org/2001/XMLSchema-instance" xsi:noNamespaceSchemaLocation="https://maven.apache.org/surefire/maven-surefire-plugin/xsd/surefire-test-report.xsd" name="com.example.cryptoservice.service.Sm4ServiceTest" time="0.154" tests="3" errors="0" skipped="0" failures="0">
  <properties>
[...]
</properties>
  <testcase name="testEncryptDecryptCBC" classname="com.example.cryptoservice.service.Sm4ServiceTest" time="0.03"/>
  <testcase name="testEncryptDecryptECB" classname="com.example.cryptoservice.service.Sm4ServiceTest" time="0"/>
  <testcase name="testEncryptDecryptGCM" classname="com.example.cryptoservice.service.Sm4ServiceTest" time="0.002"/>
</testsuite>